<?xml version="1.0" encoding="UTF-8"?>
<!-- Generated by org.testng.reporters.JUnitReportReporter -->
<testsuite hostname="DJ18JGC2" name="com.napa.online.testcases.HTTPResponseCodeTest" tests="3" failures="0" timestamp="15 Feb 2017 21:57:22 GMT" time="24.368" errors="0">
  <testcase name="get_http_response_code_test" time="5.627" classname="com.napa.online.testcases.HTTPResponseCodeTest"/>
  <testcase name="get_http_response_code_test" time="6.341" classname="com.napa.online.testcases.HTTPResponseCodeTest"/>
  <testcase name="get_http_response_code_test" time="12.400" classname="com.napa.online.testcases.HTTPResponseCodeTest"/>
</testsuite> <!-- com.napa.online.testcases.HTTPResponseCodeTest -->
