<?xml version="1.0" encoding="UTF-8"?>
<!-- Generated by org.testng.reporters.JUnitReportReporter -->
<testsuite hostname="DJ18JGC2" name="com.napa.online.testcases.SearchProductTest" tests="3" failures="0" timestamp="22 Dec 2016 20:30:50 GMT" time="81.774" errors="0">
  <testcase name="testSearchProduct" time="28.832" classname="com.napa.online.testcases.SearchProductTest"/>
  <testcase name="testSearchProduct" time="27.626" classname="com.napa.online.testcases.SearchProductTest"/>
  <testcase name="testSearchProduct" time="25.316" classname="com.napa.online.testcases.SearchProductTest"/>
</testsuite> <!-- com.napa.online.testcases.SearchProductTest -->
