<?xml version="1.0" encoding="UTF-8"?>
<!-- Generated by org.testng.reporters.JUnitReportReporter -->
<testsuite hostname="Chiduruppa-PC" name="com.napa.online.testcases.SampleTest" tests="1" failures="0" timestamp="30 Oct 2016 23:34:09 GMT" time="125.271" errors="0">
  <testcase name="sampleRun" time="125.271" classname="com.napa.online.testcases.SampleTest"/>
</testsuite> <!-- com.napa.online.testcases.SampleTest -->
